========================================================================
OpenAsset Started at 7/6/2007 4:33:58 PM
Main.cs:Startup() - Setting up asset DB
Main.cs:setupDB() - creation
Main.cs:Startup() - Starting HTTP process
BaseHttpServer.cs: Starting up HTTP Server
Enter help for a list of commands
BaseHttpServer.cs: StartHTTP() - Spawned main thread OK
OpenAsset# : 
========================================================================
OpenAsset Started at 7/6/2007 6:29:43 PM
Main.cs:Startup() - Setting up asset DB
Main.cs:setupDB() - creation
Main.cs:Startup() - Starting HTTP process
BaseHttpServer.cs: Starting up HTTP Server
Enter help for a list of commands
OpenAsset# : 
BaseHttpServer.cs: StartHTTP() - Spawned main thread OK
========================================================================
OpenAsset Started at 7/6/2007 7:19:30 PM
Main.cs:Startup() - Setting up asset DB
Main.cs:setupDB() - creation
Main.cs:Startup() - Starting HTTP process
BaseHttpServer.cs: Starting up HTTP Server
Enter help for a list of commands
OpenAsset# : 
BaseHttpServer.cs: StartHTTP() - Spawned main thread OK
========================================================================
OpenAsset Started at 7/7/2007 5:25:41 PM
Main.cs:Startup() - Setting up asset DB
Main.cs:setupDB() - creation
Main.cs:Startup() - Starting HTTP process
BaseHttpServer.cs: Starting up HTTP Server
BaseHttpServer.cs: StartHTTP() - Spawned main thread OK
Enter help for a list of commands
OpenAsset# : 
========================================================================
OpenAsset Started at 7/7/2007 6:48:23 PM
Main.cs:Startup() - Setting up asset DB
Main.cs:setupDB() - creation
Main.cs:Startup() - Starting HTTP process
BaseHttpServer.cs: Starting up HTTP Server
BaseHttpServer.cs: StartHTTP() - Spawned main thread OK
Enter help for a list of commands
OpenAsset# : 
========================================================================
OpenAsset Started at 7/7/2007 7:00:06 PM
Main.cs:Startup() - Setting up asset DB
Main.cs:setupDB() - creation
Main.cs:Startup() - Starting HTTP process
BaseHttpServer.cs: Starting up HTTP Server
BaseHttpServer.cs: StartHTTP() - Spawned main thread OK
Enter help for a list of commands
OpenAsset# : 
========================================================================
OpenAsset Started at 7/7/2007 8:17:08 PM
Main.cs:Startup() - Setting up asset DB
Main.cs:setupDB() - creation
Main.cs:Startup() - Starting HTTP process
BaseHttpServer.cs: Starting up HTTP Server
BaseHttpServer.cs: StartHTTP() - Spawned main thread OK
Enter help for a list of commands
OpenAsset# : 
========================================================================
OpenAsset Started at 7/7/2007 8:17:53 PM
Main.cs:Startup() - Setting up asset DB
Main.cs:setupDB() - creation
Main.cs:Startup() - Starting HTTP process
BaseHttpServer.cs: Starting up HTTP Server
BaseHttpServer.cs: StartHTTP() - Spawned main thread OK
Enter help for a list of commands
OpenAsset# : 
