========================================================================
OpenGrid Started at 7/6/2007 4:33:56 PM
Main.cs:Startup() - Loading configuration
Loading Db40Config dll
Config.cs:InitConfig() - Could not find object in database, loading precompiled defaults
Config.cs:LoadDefaults() - Please press enter to retain default or enter new settings
Grid owner [OGS development team]: 

Default asset server [http://127.0.0.1:8003/]: 

Key to send to asset server [null]: 

Key to expect from asset server [null]: 

Default user server [http://127.0.0.1:8002/]: 

Key to send to user server [null]: 

Key to expect from user server [null]: 

Key to send to sims [null]: 

Key to expect from sims [null]: 

Writing out default settings to local database
Grid settings loaded:
Grid owner: OGS development team
Default asset server: http://127.0.0.1:8003/
Key to send to asset server: null
Key to expect from asset server: null
Default user server: http://127.0.0.1:8002/
Key to send to user server: null
Key to expect from user server: null
Key to send to sims: null
Key to expect from sims: null
Main.cs:Startup() - Connecting to Storage Server
Storage: Attempting to load OpenSim.Framework.Data.DB4o.dll
Storage: Found 4 interfaces.
Storage: Added IGridData Interface
Main.cs:Startup() - Starting HTTP process
BaseHttpServer.cs: Starting up HTTP Server
Main.cs:Startup() - Starting sim status checker
Enter help for a list of commands

BaseHttpServer.cs: StartHTTP() - Spawned main thread OK
OpenGrid# : 

OpenGrid# : 
Message from Storage: Unable to find profile with UUID (16d2a66f-6917-440e-af5b-c39794385417). Total Registered Regions: 0
New sim creation successful: OpenSim test
Storage: Unable to find region 1098412116403968 via DB4o Grid Provider
Storage: Unable to find region 1098412116404224 via DB4o Grid Provider
Storage: Unable to find region 1098412116404480 via DB4o Grid Provider
Storage: Unable to find region 1099511628031744 via DB4o Grid Provider
Storage: Unable to find region 1099511628032256 via DB4o Grid Provider
Storage: Unable to find region 1100611139659520 via DB4o Grid Provider
Storage: Unable to find region 1100611139659776 via DB4o Grid Provider
Storage: Unable to find region 1100611139660032 via DB4o Grid Provider
Storage: Unable to query regionblock via DB4o Grid Provider
World map request processed, returned 0 region(s) in range via FastMode
========================================================================
OpenGrid Started at 7/6/2007 6:29:29 PM
Main.cs:Startup() - Loading configuration
Loading Db40Config dll
Config.cs:InitConfig() - Found a GridConfig object in the local database, loading
Grid settings loaded:
Grid owner: OGS development team
Default asset server: http://127.0.0.1:8003/
Key to send to asset server: null
Key to expect from asset server: null
Default user server: http://127.0.0.1:8002/
Key to send to user server: null
Key to expect from user server: null
Key to send to sims: null
Key to expect from sims: null
Main.cs:Startup() - Connecting to Storage Server
Storage: Attempting to load OpenSim.Framework.Data.DB4o.dll
Storage: Found 4 interfaces.
Storage: Added IGridData Interface
Main.cs:Startup() - Starting HTTP process
BaseHttpServer.cs: Starting up HTTP Server
BaseHttpServer.cs: StartHTTP() - Spawned main thread OK
BaseHttpServer.cs: StartHTTP() - Spawned main thread OK
Main.cs:Startup() - Starting sim status checker
Enter help for a list of commands

OpenGrid# : 
Storage: Unable to find region 1098412116403968 via DB4o Grid Provider
Storage: Unable to find region 1098412116404224 via DB4o Grid Provider
Storage: Unable to find region 1098412116404480 via DB4o Grid Provider
Storage: Unable to find region 1099511628031744 via DB4o Grid Provider
Storage: Unable to find region 1099511628032256 via DB4o Grid Provider
Storage: Unable to find region 1100611139659520 via DB4o Grid Provider
Storage: Unable to find region 1100611139659776 via DB4o Grid Provider
Storage: Unable to find region 1100611139660032 via DB4o Grid Provider
========================================================================
OpenGrid Started at 7/6/2007 7:19:23 PM
Main.cs:Startup() - Loading configuration
Loading Db40Config dll
Config.cs:InitConfig() - Found a GridConfig object in the local database, loading
Grid settings loaded:
Grid owner: OGS development team
Default asset server: http://127.0.0.1:8003/
Key to send to asset server: null
Key to expect from asset server: null
Default user server: http://127.0.0.1:8002/
Key to send to user server: null
Key to expect from user server: null
Key to send to sims: null
Key to expect from sims: null
Main.cs:Startup() - Connecting to Storage Server
Storage: Attempting to load OpenSim.Framework.Data.DB4o.dll
Storage: Found 4 interfaces.
Storage: Added IGridData Interface
Main.cs:Startup() - Starting HTTP process
BaseHttpServer.cs: Starting up HTTP Server
Main.cs:Startup() - Starting sim status checker
Enter help for a list of commands

BaseHttpServer.cs: StartHTTP() - Spawned main thread OK
OpenGrid# : 
Storage: Unable to find region 1098412116403968 via DB4o Grid Provider
Storage: Unable to find region 1098412116404224 via DB4o Grid Provider
Storage: Unable to find region 1098412116404480 via DB4o Grid Provider
Storage: Unable to find region 1099511628031744 via DB4o Grid Provider
Storage: Unable to find region 1099511628032256 via DB4o Grid Provider
Storage: Unable to find region 1100611139659520 via DB4o Grid Provider
Storage: Unable to find region 1100611139659776 via DB4o Grid Provider
Storage: Unable to find region 1100611139660032 via DB4o Grid Provider
========================================================================
OpenGrid Started at 7/7/2007 5:24:55 PM
Main.cs:Startup() - Loading configuration
Loading Db40Config dll
Config.cs:InitConfig() - Found a GridConfig object in the local database, loading
Grid settings loaded:
Grid owner: OGS development team
Default asset server: http://127.0.0.1:8003/
Key to send to asset server: null
Key to expect from asset server: null
Default user server: http://127.0.0.1:8002/
Key to send to user server: null
Key to expect from user server: null
Key to send to sims: null
Key to expect from sims: null
Main.cs:Startup() - Connecting to Storage Server
Storage: Attempting to load OpenSim.Framework.Data.DB4o.dll
Storage: Found 4 interfaces.
Storage: Added IGridData Interface
Main.cs:Startup() - Starting HTTP process
BaseHttpServer.cs: Starting up HTTP Server
Main.cs:Startup() - Starting sim status checker
Enter help for a list of commands

OpenGrid# : 
BaseHttpServer.cs: StartHTTP() - Spawned main thread OK
========================================================================
OpenGrid Started at 7/7/2007 5:25:34 PM
Main.cs:Startup() - Loading configuration
Loading Db40Config dll
Config.cs:InitConfig() - Found a GridConfig object in the local database, loading
Grid settings loaded:
Grid owner: OGS development team
Default asset server: http://127.0.0.1:8003/
Key to send to asset server: null
Key to expect from asset server: null
Default user server: http://127.0.0.1:8002/
Key to send to user server: null
Key to expect from user server: null
Key to send to sims: null
Key to expect from sims: null
Main.cs:Startup() - Connecting to Storage Server
Storage: Attempting to load OpenSim.Framework.Data.DB4o.dll
Storage: Found 4 interfaces.
Storage: Added IGridData Interface
Main.cs:Startup() - Starting HTTP process
BaseHttpServer.cs: Starting up HTTP Server
Main.cs:Startup() - Starting sim status checker
BaseHttpServer.cs: StartHTTP() - Spawned main thread OK
Enter help for a list of commands

OpenGrid# : 
Storage: Unable to find region 1098412116403968 via DB4o Grid Provider
Storage: Unable to find region 1098412116404224 via DB4o Grid Provider
Storage: Unable to find region 1098412116404480 via DB4o Grid Provider
Storage: Unable to find region 1099511628031744 via DB4o Grid Provider
Storage: Unable to find region 1099511628032256 via DB4o Grid Provider
Storage: Unable to find region 1100611139659520 via DB4o Grid Provider
Storage: Unable to find region 1100611139659776 via DB4o Grid Provider
Storage: Unable to find region 1100611139660032 via DB4o Grid Provider
========================================================================
OpenGrid Started at 7/7/2007 6:48:22 PM
Main.cs:Startup() - Loading configuration
Loading Db40Config dll
Config.cs:InitConfig() - Found a GridConfig object in the local database, loading
Grid settings loaded:
Grid owner: OGS development team
Default asset server: http://127.0.0.1:8003/
Key to send to asset server: null
Key to expect from asset server: null
Default user server: http://127.0.0.1:8002/
Key to send to user server: null
Key to expect from user server: null
Key to send to sims: null
Key to expect from sims: null
Main.cs:Startup() - Connecting to Storage Server
Storage: Attempting to load OpenSim.Framework.Data.DB4o.dll
Storage: Found 4 interfaces.
Storage: Added IGridData Interface
Main.cs:Startup() - Starting HTTP process
BaseHttpServer.cs: Starting up HTTP Server
BaseHttpServer.cs: StartHTTP() - Spawned main thread OK
Main.cs:Startup() - Starting sim status checker
Enter help for a list of commands

OpenGrid# : 
========================================================================
OpenGrid Started at 7/7/2007 7:00:01 PM
Main.cs:Startup() - Loading configuration
Loading Db40Config dll
Config.cs:InitConfig() - Could not find object in database, loading precompiled defaults
Config.cs:LoadDefaults() - Please press enter to retain default or enter new settings
Grid owner [OGS development team]: 

Default asset server [http://127.0.0.1:8003/]: 

Key to send to asset server [null]: 

Key to expect from asset server [null]: 

Default user server [http://127.0.0.1:8002/]: 

Key to send to user server [null]: 

Key to expect from user server [null]: 

Key to send to sims [null]: 

Key to expect from sims [null]: 

Writing out default settings to local database
Grid settings loaded:
Grid owner: OGS development team
Default asset server: http://127.0.0.1:8003/
Key to send to asset server: null
Key to expect from asset server: null
Default user server: http://127.0.0.1:8002/
Key to send to user server: null
Key to expect from user server: null
Key to send to sims: null
Key to expect from sims: null
Main.cs:Startup() - Connecting to Storage Server
Storage: Attempting to load OpenSim.Framework.Data.DB4o.dll
Storage: Found 4 interfaces.
Storage: Added IGridData Interface
Main.cs:Startup() - Starting HTTP process
BaseHttpServer.cs: Starting up HTTP Server
BaseHttpServer.cs: StartHTTP() - Spawned main thread OK
Main.cs:Startup() - Starting sim status checker
Enter help for a list of commands

OpenGrid# : 
Message from Storage: Unable to find profile with UUID (16d2a66f-6917-440e-af5b-c39794385417). Total Registered Regions: 0
New sim creation successful: OpenSim test
Storage: Unable to find region 1098412116403968 via DB4o Grid Provider
Storage: Unable to find region 1098412116404224 via DB4o Grid Provider
Storage: Unable to find region 1098412116404480 via DB4o Grid Provider
Storage: Unable to find region 1099511628031744 via DB4o Grid Provider
Storage: Unable to find region 1099511628032256 via DB4o Grid Provider
Storage: Unable to find region 1100611139659520 via DB4o Grid Provider
Storage: Unable to find region 1100611139659776 via DB4o Grid Provider
Storage: Unable to find region 1100611139660032 via DB4o Grid Provider
========================================================================
OpenGrid Started at 7/7/2007 8:17:07 PM
Main.cs:Startup() - Loading configuration
Loading Db40Config dll
Config.cs:InitConfig() - Found a GridConfig object in the local database, loading
Grid settings loaded:
Grid owner: OGS development team
Default asset server: http://127.0.0.1:8003/
Key to send to asset server: null
Key to expect from asset server: null
Default user server: http://127.0.0.1:8002/
Key to send to user server: null
Key to expect from user server: null
Key to send to sims: null
Key to expect from sims: null
Main.cs:Startup() - Connecting to Storage Server
Storage: Attempting to load OpenSim.Framework.Data.DB4o.dll
Storage: Found 4 interfaces.
Storage: Added IGridData Interface
Main.cs:Startup() - Starting HTTP process
BaseHttpServer.cs: Starting up HTTP Server
BaseHttpServer.cs: StartHTTP() - Spawned main thread OK
Main.cs:Startup() - Starting sim status checker
Enter help for a list of commands

OpenGrid# : 
Storage: Unable to find region 1098412116403968 via DB4o Grid Provider
Storage: Unable to find region 1098412116404224 via DB4o Grid Provider
Storage: Unable to find region 1098412116404480 via DB4o Grid Provider
Storage: Unable to find region 1099511628031744 via DB4o Grid Provider
Storage: Unable to find region 1099511628032256 via DB4o Grid Provider
Storage: Unable to find region 1100611139659520 via DB4o Grid Provider
Storage: Unable to find region 1100611139659776 via DB4o Grid Provider
Storage: Unable to find region 1100611139660032 via DB4o Grid Provider
========================================================================
OpenGrid Started at 7/7/2007 8:17:43 PM
Main.cs:Startup() - Loading configuration
Loading Db40Config dll
Config.cs:InitConfig() - Found a GridConfig object in the local database, loading
Grid settings loaded:
Grid owner: OGS development team
Default asset server: http://127.0.0.1:8003/
Key to send to asset server: null
Key to expect from asset server: null
Default user server: http://127.0.0.1:8002/
Key to send to user server: null
Key to expect from user server: null
Key to send to sims: null
Key to expect from sims: null
Main.cs:Startup() - Connecting to Storage Server
Storage: Attempting to load OpenSim.Framework.Data.DB4o.dll
Storage: Found 4 interfaces.
Storage: Added IGridData Interface
Main.cs:Startup() - Starting HTTP process
BaseHttpServer.cs: Starting up HTTP Server
Main.cs:Startup() - Starting sim status checker
BaseHttpServer.cs: StartHTTP() - Spawned main thread OK
Enter help for a list of commands

OpenGrid# : 
Storage: Unable to find region 1098412116403968 via DB4o Grid Provider
Storage: Unable to find region 1098412116404224 via DB4o Grid Provider
Storage: Unable to find region 1098412116404480 via DB4o Grid Provider
Storage: Unable to find region 1099511628031744 via DB4o Grid Provider
Storage: Unable to find region 1099511628032256 via DB4o Grid Provider
Storage: Unable to find region 1100611139659520 via DB4o Grid Provider
Storage: Unable to find region 1100611139659776 via DB4o Grid Provider
Storage: Unable to find region 1100611139660032 via DB4o Grid Provider
