========================================================================
Region Started at 7/6/2007 6:29:45 PM
Main.cs:Startup() - Loading configuration
Key to expect from user server [null]: 

Remote Asset Server class created
Sim settings loaded:
UUID: 16d2a66f-6917-440e-af5b-c39794385417
Name: OpenSim test
Region Location: [1000,1000]
Region Handle: 1099511628032000
Listening on IP end point: 0.0.0.0:9000
Sandbox Mode? False
OGS1 - Registering new HTTP listener on port 9000
BaseHttpServer.cs: Starting up HTTP Server
BaseHttpServer.cs: StartHTTP() - Spawned main thread OK
World.cs - creating new entitities instance
World.cs - creating LandMap
Db4LocalStorage Opening localworld.yap
Db4LocalStorage creation
LoadWorld() - Loading world....
LoadWorld() - Looking for a heightmap in local DB
LoadWorld() - Found a heightmap in local database, loading
World.cs: LoadWorldMap() - Failed with exception System.Net.WebException: The operation has timed out
   at System.Net.WebClient.UploadDataInternal(Uri address, String method, Byte[] data, WebRequest& request)
   at System.Net.WebClient.UploadData(Uri address, String method, Byte[] data)
   at System.Net.WebClient.UploadData(String address, Byte[] data)
   at OpenSim.Region.GridInterfaces.Remote.RemoteAssetServer.UploadNewAsset(AssetBase asset) in C:\Sugilite\OpenSim\Region\GridInterfaces\Remote\RemoteAssetServer.cs:line 81
   at OpenSim.Region.Caches.AssetCache.AddAsset(AssetBase asset) in C:\Sugilite\OpenSim\Region\Caches\AssetCache.cs:line 168
   at OpenSim.Region.Environment.Scenes.Scene.CreateTerrainTexture() in C:\Sugilite\OpenSim\Region\Environment\Scenes\Scene.cs:line 367
   at OpenSim.Region.Environment.Scenes.Scene.LoadWorldMap() in C:\Sugilite\OpenSim\Region\Environment\Scenes\Scene.cs:line 345
Main.cs:Startup() - Starting up messaging system
creating basicphysics
World.cs: LoadPrimsFromStorage() - Loading primitives
Db4LocalStorage.cs: LoadPrimitives() - number of prims in storages is 0
Main.cs:Startup() - Initialising HTTP server
Main.cs:Startup() - Starting HTTP server
BaseHttpServer.cs: Starting up HTTP Server
BaseHttpServer.cs: StartHTTP() - Spawned main thread OK
Failed to listen on prefix 'http://+:9000/' because it conflicts with an existing registration on the machine.
UDPServer.cs:ServerListener() - Opening UDP socket on 9000
UDPServer.cs:ServerListener() - UDP socket bound, getting ready to listen
UDPServer.cs:ServerListener() - Listening...
Region# : 
